0 info it worked if it ends with ok
1 verbose cli [ '/usr/local/bin/node', '/usr/local/bin/npm', 'run', 'bundle' ]
2 info using npm@3.3.12
3 info using node@v5.0.0
4 verbose run-script [ 'prebundle', 'bundle', 'postbundle' ]
5 info lifecycle timrjs@0.7.0~prebundle: timrjs@0.7.0
6 silly lifecycle timrjs@0.7.0~prebundle: no script for prebundle, continuing
7 info lifecycle timrjs@0.7.0~bundle: timrjs@0.7.0
8 verbose lifecycle timrjs@0.7.0~bundle: unsafe-perm in lifecycle true
9 verbose lifecycle timrjs@0.7.0~bundle: PATH: /usr/local/lib/node_modules/npm/bin/node-gyp-bin:/Users/Joe/Documents/Projects/timr/node_modules/.bin:/usr/local/bin:/usr/bin:/bin:/usr/sbin:/sbin:/opt/X11/bin:/Users/Joe/Library/Android/sdk/tools:/Users/Joe/Library/Android/Ant/bin
10 verbose lifecycle timrjs@0.7.0~bundle: CWD: /Users/Joe/Documents/Projects/timr
11 silly lifecycle timrjs@0.7.0~bundle: Args: [ '-c', 'npm run clean && gulp' ]
12 silly lifecycle timrjs@0.7.0~bundle: Returned: code: 1  signal: null
13 info lifecycle timrjs@0.7.0~bundle: Failed to exec bundle script
14 verbose stack Error: timrjs@0.7.0 bundle: `npm run clean && gulp`
14 verbose stack Exit status 1
14 verbose stack     at EventEmitter.<anonymous> (/usr/local/lib/node_modules/npm/lib/utils/lifecycle.js:232:16)
14 verbose stack     at emitTwo (events.js:87:13)
14 verbose stack     at EventEmitter.emit (events.js:172:7)
14 verbose stack     at ChildProcess.<anonymous> (/usr/local/lib/node_modules/npm/lib/utils/spawn.js:24:14)
14 verbose stack     at emitTwo (events.js:87:13)
14 verbose stack     at ChildProcess.emit (events.js:172:7)
14 verbose stack     at maybeClose (internal/child_process.js:818:16)
14 verbose stack     at Process.ChildProcess._handle.onexit (internal/child_process.js:211:5)
15 verbose pkgid timrjs@0.7.0
16 verbose cwd /Users/Joe/Documents/Projects/timr
17 error Darwin 15.4.0
18 error argv "/usr/local/bin/node" "/usr/local/bin/npm" "run" "bundle"
19 error node v5.0.0
20 error npm  v3.3.12
21 error code ELIFECYCLE
22 error timrjs@0.7.0 bundle: `npm run clean && gulp`
22 error Exit status 1
23 error Failed at the timrjs@0.7.0 bundle script 'npm run clean && gulp'.
23 error Make sure you have the latest version of node.js and npm installed.
23 error If you do, this is most likely a problem with the timrjs package,
23 error not with npm itself.
23 error Tell the author that this fails on your system:
23 error     npm run clean && gulp
23 error You can get their info via:
23 error     npm owner ls timrjs
23 error There is likely additional logging output above.
24 verbose exit [ 1, true ]
